<?xml version="1.0" encoding="UTF-8"?>
<testsuite xmlns:xsi="http://www.w3.org/2001/XMLSchema-instance" xsi:noNamespaceSchemaLocation="https://maven.apache.org/surefire/maven-surefire-plugin/xsd/surefire-test-report.xsd" version="3.0.2" name="com.example.demo.application.service.BatchProcessServiceTest" time="5.267" tests="12" errors="0" skipped="0" failures="0">
  <properties>
[...]
</properties>
  <testcase name="testExecuteBatchProcess_whenNonRetryableError_sendsToDLQAndDeletesMessage" classname="com.example.demo.application.service.BatchProcessServiceTest" time="0.056">
    <system-out><![CDATA[
  .   ____          _            __ _ _
 /\\ / ___'_ __ _ _(_)_ __  __ _ \ \ \ \
( ( )\___ | '_ | '_| | '_ \/ _` | \ \ \ \
 \\/  ___)| |_)| | | | | || (_| |  ) ) ) )
  '  |____| .__|_| |_|_| |_\__, | / / / /
 =========|_|==============|___/=/_/_/_/

 :: Spring Boot ::                (v3.4.2)

2026-04-04 12:43:48 - Starting BatchProcessServiceTest using Java 21.0.3 with PID 59568 (started by taguchikakuto in /Users/taguchikakuto/Desktop/プログラミング学習用/下期目標バッチ処理/demo)
2026-04-04 12:43:48 - The following 1 profile is active: "local"
2026-04-04 12:43:48 - Started BatchProcessServiceTest in 0.923 seconds (process running for 1.481)
]]></system-out>
    <system-err><![CDATA[Mockito is currently self-attaching to enable the inline-mock-maker. This will no longer work in future releases of the JDK. Please add Mockito as an agent to your build what is described in Mockito's documentation: https://javadoc.io/doc/org.mockito/mockito-core/latest/org/mockito/Mockito.html#0.3
WARNING: A Java agent has been loaded dynamically (/Users/taguchikakuto/.m2/repository/net/bytebuddy/byte-buddy-agent/1.15.11/byte-buddy-agent-1.15.11.jar)
WARNING: If a serviceability tool is in use, please run with -XX:+EnableDynamicAgentLoading to hide this warning
WARNING: If a serviceability tool is not in use, please run with -Djdk.instrument.traceUsage for more information
WARNING: Dynamic loading of agents will be disallowed by default in a future release
]]></system-err>
  </testcase>
  <testcase name="testHasMessagesInQueue_whenMessagesExist_returnsTrue" classname="com.example.demo.application.service.BatchProcessServiceTest" time="0.004"/>
  <testcase name="testExecuteBatchProcess_whenErrorBeforeReceivingMessage_logsErrorOnly" classname="com.example.demo.application.service.BatchProcessServiceTest" time="2.018"/>
  <testcase name="testExecuteBatchProcess_whenSystemError_sendsToDLQAndDeletesMessage" classname="com.example.demo.application.service.BatchProcessServiceTest" time="0.007"/>
  <testcase name="testHasMessagesInQueue_whenExceptionOccurs_returnsFalse" classname="com.example.demo.application.service.BatchProcessServiceTest" time="0.003"/>
  <testcase name="testExecuteBatchProcess_whenDuplicateProcessing_skipsAndExtendsVisibility" classname="com.example.demo.application.service.BatchProcessServiceTest" time="0.004"/>
  <testcase name="testHasMessagesInQueue_whenNoMessages_returnsFalse" classname="com.example.demo.application.service.BatchProcessServiceTest" time="0.002"/>
  <testcase name="testExecuteBatchProcess_whenNoMessage_recordsNoMessageStatus" classname="com.example.demo.application.service.BatchProcessServiceTest" time="0.004"/>
  <testcase name="testExecuteBatchProcess_whenNormalFlow_succeeds" classname="com.example.demo.application.service.BatchProcessServiceTest" time="0.003"/>
  <testcase name="testExecuteBatchProcess_whenShortProcessing_doesNotExtendVisibility" classname="com.example.demo.application.service.BatchProcessServiceTest" time="0.003"/>
  <testcase name="testExecuteBatchProcess_whenReceiveMessageFailsAfterRetry_throwsException" classname="com.example.demo.application.service.BatchProcessServiceTest" time="2.018"/>
  <testcase name="testExecuteBatchProcess_whenRetryableError_doesNotSendToDLQ" classname="com.example.demo.application.service.BatchProcessServiceTest" time="0.004"/>
</testsuite>