<?xml version="1.0" encoding="UTF-8"?>
<testsuite xmlns:xsi="http://www.w3.org/2001/XMLSchema-instance" xsi:noNamespaceSchemaLocation="https://maven.apache.org/surefire/maven-surefire-plugin/xsd/surefire-test-report.xsd" version="3.0.2" name="com.example.demo.application.service.BatchLogQueryServiceTest" time="0.096" tests="12" errors="0" skipped="0" failures="0">
  <properties>
[...]
</properties>
  <testcase name="testCountAllBatchLogs_whenMultipleLogs_returnsCount" classname="com.example.demo.application.service.BatchLogQueryServiceTest" time="0.004">
    <system-out><![CDATA[
  .   ____          _            __ _ _
 /\\ / ___'_ __ _ _(_)_ __  __ _ \ \ \ \
( ( )\___ | '_ | '_| | '_ \/ _` | \ \ \ \
 \\/  ___)| |_)| | | | | || (_| |  ) ) ) )
  '  |____| .__|_| |_|_| |_\__, | / / / /
 =========|_|==============|___/=/_/_/_/

 :: Spring Boot ::                (v3.4.2)

2026-04-04 12:43:53 - Starting BatchLogQueryServiceTest using Java 21.0.3 with PID 59568 (started by taguchikakuto in /Users/taguchikakuto/Desktop/プログラミング学習用/下期目標バッチ処理/demo)
2026-04-04 12:43:53 - The following 1 profile is active: "local"
2026-04-04 12:43:53 - Started BatchLogQueryServiceTest in 0.043 seconds (process running for 5.696)
]]></system-out>
  </testcase>
  <testcase name="testDisplayAllBatchLogs_whenNoLogs_displaysNoLogsMessage" classname="com.example.demo.application.service.BatchLogQueryServiceTest" time="0.001"/>
  <testcase name="testDisplayAllBatchLogs_whenSingleLog_displaysSingle" classname="com.example.demo.application.service.BatchLogQueryServiceTest" time="0.003"/>
  <testcase name="testDisplayBatchLogsByName_whenSingleLog_displaysSingle" classname="com.example.demo.application.service.BatchLogQueryServiceTest" time="0.003"/>
  <testcase name="testDisplayBatchLogsByName_whenNoLogs_displaysNoLogsMessage" classname="com.example.demo.application.service.BatchLogQueryServiceTest" time="0.003"/>
  <testcase name="testCountAllBatchLogs_whenNoLogs_returnsZero" classname="com.example.demo.application.service.BatchLogQueryServiceTest" time="0.001"/>
  <testcase name="testDisplayBatchLogsByName_whenEmptyBatchName_passesToRepository" classname="com.example.demo.application.service.BatchLogQueryServiceTest" time="0.002"/>
  <testcase name="testCountAllBatchLogs_whenSingleLog_returnsOne" classname="com.example.demo.application.service.BatchLogQueryServiceTest" time="0.001"/>
  <testcase name="testDisplayBatchLogsByName_whenNullBatchName_passesToRepository" classname="com.example.demo.application.service.BatchLogQueryServiceTest" time="0.001"/>
  <testcase name="testCountAllBatchLogs_whenLargeDataset_returnsAccurateCount" classname="com.example.demo.application.service.BatchLogQueryServiceTest" time="0.006"/>
  <testcase name="testDisplayAllBatchLogs_whenMultipleLogs_displaysAll" classname="com.example.demo.application.service.BatchLogQueryServiceTest" time="0.002"/>
  <testcase name="testDisplayBatchLogsByName_whenMultipleLogs_displaysAll" classname="com.example.demo.application.service.BatchLogQueryServiceTest" time="0.002"/>
</testsuite>