<?xml version="1.0" encoding="UTF-8"?>
<testsuite xmlns:xsi="http://www.w3.org/2001/XMLSchema-instance" xsi:noNamespaceSchemaLocation="https://maven.apache.org/surefire/maven-surefire-plugin/xsd/surefire-test-report.xsd" version="3.0.2" name="com.example.demo.DemoApplicationTests" time="85.721" tests="1" errors="0" skipped="0" failures="0">
  <properties>
[...]
</properties>
  <testcase name="contextLoads" classname="com.example.demo.DemoApplicationTests" time="0.003">
    <system-out><![CDATA[2026-04-04 12:43:53 - Could not detect default configuration classes for test class [com.example.demo.DemoApplicationTests]: DemoApplicationTests does not declare any static, non-private, non-final, nested classes annotated with @Configuration.
2026-04-04 12:43:53 - Found @SpringBootConfiguration com.example.demo.DemoApplication for test class com.example.demo.DemoApplicationTests

  .   ____          _            __ _ _
 /\\ / ___'_ __ _ _(_)_ __  __ _ \ \ \ \
( ( )\___ | '_ | '_| | '_ \/ _` | \ \ \ \
 \\/  ___)| |_)| | | | | || (_| |  ) ) ) )
  '  |____| .__|_| |_|_| |_\__, | / / / /
 =========|_|==============|___/=/_/_/_/

 :: Spring Boot ::                (v3.4.2)

2026-04-04 12:43:53 - Starting DemoApplicationTests using Java 21.0.3 with PID 59568 (started by taguchikakuto in /Users/taguchikakuto/Desktop/プログラミング学習用/下期目標バッチ処理/demo)
2026-04-04 12:43:53 - The following 1 profile is active: "local"
2026-04-04 12:43:53 - HikariPool-1 - Starting...
2026-04-04 12:43:53 - HikariPool-1 - Added connection conn0: url=jdbc:h2:mem:batch_db user=SA
2026-04-04 12:43:53 - HikariPool-1 - Start completed.
========================================
Chunkモデル設定
チャンクサイズ: 100000件
処理方式: バルクInsert（高速パターン）
========================================

2026-04-04 12:43:54 - Started DemoApplicationTests in 0.807 seconds (process running for 6.591)

╔════════════════════════════════════════════════════════╗
║   Spring Batch パフォーマンス比較バッチ起動           ║
║   Tasklet vs Chunk モデル                             ║
╚════════════════════════════════════════════════════════╝

実行モード: 両方実行（比較モード）


【1/2】Taskletモデル実行開始
2026-04-04 12:43:54 - Job: [SimpleJob: [name=TaskletPerformanceJob]] launched with the following parameters: [{'time':'{value=1775274234040, type=class java.lang.Long, identifying=true}'}]

========================================
Job開始: TaskletPerformanceJob
開始時刻: Sat Apr 04 12:43:54 JST 2026
========================================

2026-04-04 12:43:54 - Executing step: [TaskletPerformanceStep]
========================================
Taskletモデル処理開始
処理件数: 10000000件
処理方式: 1件ずつInsert（低速パターン）
========================================

[Tasklet進捗] 10% 完了 (1,000,000 / 10,000,000 件)
[Tasklet進捗] 20% 完了 (2,000,000 / 10,000,000 件)
[Tasklet進捗] 30% 完了 (3,000,000 / 10,000,000 件)
[Tasklet進捗] 40% 完了 (4,000,000 / 10,000,000 件)
[Tasklet進捗] 50% 完了 (5,000,000 / 10,000,000 件)
[Tasklet進捗] 60% 完了 (6,000,000 / 10,000,000 件)
[Tasklet進捗] 70% 完了 (7,000,000 / 10,000,000 件)
[Tasklet進捗] 80% 完了 (8,000,000 / 10,000,000 件)
[Tasklet進捗] 90% 完了 (9,000,000 / 10,000,000 件)
[Tasklet進捗] 100% 完了 (10,000,000 / 10,000,000 件)

========================================
Taskletモデル処理完了
総処理件数: 10000000件
========================================

2026-04-04 12:44:28 - Step: [TaskletPerformanceStep] executed in 34s268ms

========================================
Job終了: TaskletPerformanceJob
終了時刻: Sat Apr 04 12:44:28 JST 2026
実行時間: 34284 ms (34.284 秒)
ステータス: COMPLETED
========================================

2026-04-04 12:44:28 - Job: [SimpleJob: [name=TaskletPerformanceJob]] completed with the following parameters: [{'time':'{value=1775274234040, type=class java.lang.Long, identifying=true}'}] and the following status: [COMPLETED] in 34s290ms

【2/2】Chunkモデル実行開始
2026-04-04 12:44:30 - Job: [SimpleJob: [name=ChunkPerformanceJob]] launched with the following parameters: [{'time':'{value=1775274270370, type=class java.lang.Long, identifying=true}'}]

========================================
Job開始: ChunkPerformanceJob
開始時刻: Sat Apr 04 12:44:30 JST 2026
========================================

2026-04-04 12:44:30 - Executing step: [ChunkPerformanceStep]
[Reader進捗] 100,000 件読み込み完了
[Writer進捗] 100,000 件書き込み完了（チャンクサイズ: 100,000 件）
[Reader進捗] 200,000 件読み込み完了
[Writer進捗] 200,000 件書き込み完了（チャンクサイズ: 100,000 件）
[Reader進捗] 300,000 件読み込み完了
[Writer進捗] 300,000 件書き込み完了（チャンクサイズ: 100,000 件）
[Reader進捗] 400,000 件読み込み完了
[Writer進捗] 400,000 件書き込み完了（チャンクサイズ: 100,000 件）
[Reader進捗] 500,000 件読み込み完了
[Writer進捗] 500,000 件書き込み完了（チャンクサイズ: 100,000 件）
[Reader進捗] 600,000 件読み込み完了
[Writer進捗] 600,000 件書き込み完了（チャンクサイズ: 100,000 件）
[Reader進捗] 700,000 件読み込み完了
[Writer進捗] 700,000 件書き込み完了（チャンクサイズ: 100,000 件）
[Reader進捗] 800,000 件読み込み完了
[Writer進捗] 800,000 件書き込み完了（チャンクサイズ: 100,000 件）
[Reader進捗] 900,000 件読み込み完了
[Writer進捗] 900,000 件書き込み完了（チャンクサイズ: 100,000 件）
[Reader進捗] 1,000,000 件読み込み完了
[Writer進捗] 1,000,000 件書き込み完了（チャンクサイズ: 100,000 件）
[Reader進捗] 1,100,000 件読み込み完了
[Writer進捗] 1,100,000 件書き込み完了（チャンクサイズ: 100,000 件）
[Reader進捗] 1,200,000 件読み込み完了
[Writer進捗] 1,200,000 件書き込み完了（チャンクサイズ: 100,000 件）
[Reader進捗] 1,300,000 件読み込み完了
[Writer進捗] 1,300,000 件書き込み完了（チャンクサイズ: 100,000 件）
[Reader進捗] 1,400,000 件読み込み完了
[Writer進捗] 1,400,000 件書き込み完了（チャンクサイズ: 100,000 件）
[Reader進捗] 1,500,000 件読み込み完了
[Writer進捗] 1,500,000 件書き込み完了（チャンクサイズ: 100,000 件）
[Reader進捗] 1,600,000 件読み込み完了
[Writer進捗] 1,600,000 件書き込み完了（チャンクサイズ: 100,000 件）
[Reader進捗] 1,700,000 件読み込み完了
[Writer進捗] 1,700,000 件書き込み完了（チャンクサイズ: 100,000 件）
[Reader進捗] 1,800,000 件読み込み完了
[Writer進捗] 1,800,000 件書き込み完了（チャンクサイズ: 100,000 件）
[Reader進捗] 1,900,000 件読み込み完了
[Writer進捗] 1,900,000 件書き込み完了（チャンクサイズ: 100,000 件）
[Reader進捗] 2,000,000 件読み込み完了
[Writer進捗] 2,000,000 件書き込み完了（チャンクサイズ: 100,000 件）
[Reader進捗] 2,100,000 件読み込み完了
[Writer進捗] 2,100,000 件書き込み完了（チャンクサイズ: 100,000 件）
[Reader進捗] 2,200,000 件読み込み完了
[Writer進捗] 2,200,000 件書き込み完了（チャンクサイズ: 100,000 件）
[Reader進捗] 2,300,000 件読み込み完了
[Writer進捗] 2,300,000 件書き込み完了（チャンクサイズ: 100,000 件）
[Reader進捗] 2,400,000 件読み込み完了
[Writer進捗] 2,400,000 件書き込み完了（チャンクサイズ: 100,000 件）
[Reader進捗] 2,500,000 件読み込み完了
[Writer進捗] 2,500,000 件書き込み完了（チャンクサイズ: 100,000 件）
[Reader進捗] 2,600,000 件読み込み完了
[Writer進捗] 2,600,000 件書き込み完了（チャンクサイズ: 100,000 件）
[Reader進捗] 2,700,000 件読み込み完了
[Writer進捗] 2,700,000 件書き込み完了（チャンクサイズ: 100,000 件）
[Reader進捗] 2,800,000 件読み込み完了
[Writer進捗] 2,800,000 件書き込み完了（チャンクサイズ: 100,000 件）
[Reader進捗] 2,900,000 件読み込み完了
[Writer進捗] 2,900,000 件書き込み完了（チャンクサイズ: 100,000 件）
[Reader進捗] 3,000,000 件読み込み完了
[Writer進捗] 3,000,000 件書き込み完了（チャンクサイズ: 100,000 件）
[Reader進捗] 3,100,000 件読み込み完了
[Writer進捗] 3,100,000 件書き込み完了（チャンクサイズ: 100,000 件）
[Reader進捗] 3,200,000 件読み込み完了
[Writer進捗] 3,200,000 件書き込み完了（チャンクサイズ: 100,000 件）
[Reader進捗] 3,300,000 件読み込み完了
[Writer進捗] 3,300,000 件書き込み完了（チャンクサイズ: 100,000 件）
[Reader進捗] 3,400,000 件読み込み完了
[Writer進捗] 3,400,000 件書き込み完了（チャンクサイズ: 100,000 件）
[Reader進捗] 3,500,000 件読み込み完了
[Writer進捗] 3,500,000 件書き込み完了（チャンクサイズ: 100,000 件）
[Reader進捗] 3,600,000 件読み込み完了
[Writer進捗] 3,600,000 件書き込み完了（チャンクサイズ: 100,000 件）
[Reader進捗] 3,700,000 件読み込み完了
[Writer進捗] 3,700,000 件書き込み完了（チャンクサイズ: 100,000 件）
[Reader進捗] 3,800,000 件読み込み完了
[Writer進捗] 3,800,000 件書き込み完了（チャンクサイズ: 100,000 件）
[Reader進捗] 3,900,000 件読み込み完了
[Writer進捗] 3,900,000 件書き込み完了（チャンクサイズ: 100,000 件）
[Reader進捗] 4,000,000 件読み込み完了
[Writer進捗] 4,000,000 件書き込み完了（チャンクサイズ: 100,000 件）
[Reader進捗] 4,100,000 件読み込み完了
[Writer進捗] 4,100,000 件書き込み完了（チャンクサイズ: 100,000 件）
[Reader進捗] 4,200,000 件読み込み完了
[Writer進捗] 4,200,000 件書き込み完了（チャンクサイズ: 100,000 件）
[Reader進捗] 4,300,000 件読み込み完了
[Writer進捗] 4,300,000 件書き込み完了（チャンクサイズ: 100,000 件）
[Reader進捗] 4,400,000 件読み込み完了
[Writer進捗] 4,400,000 件書き込み完了（チャンクサイズ: 100,000 件）
[Reader進捗] 4,500,000 件読み込み完了
[Writer進捗] 4,500,000 件書き込み完了（チャンクサイズ: 100,000 件）
[Reader進捗] 4,600,000 件読み込み完了
[Writer進捗] 4,600,000 件書き込み完了（チャンクサイズ: 100,000 件）
[Reader進捗] 4,700,000 件読み込み完了
[Writer進捗] 4,700,000 件書き込み完了（チャンクサイズ: 100,000 件）
[Reader進捗] 4,800,000 件読み込み完了
[Writer進捗] 4,800,000 件書き込み完了（チャンクサイズ: 100,000 件）
[Reader進捗] 4,900,000 件読み込み完了
[Writer進捗] 4,900,000 件書き込み完了（チャンクサイズ: 100,000 件）
[Reader進捗] 5,000,000 件読み込み完了
[Writer進捗] 5,000,000 件書き込み完了（チャンクサイズ: 100,000 件）
[Reader進捗] 5,100,000 件読み込み完了
[Writer進捗] 5,100,000 件書き込み完了（チャンクサイズ: 100,000 件）
[Reader進捗] 5,200,000 件読み込み完了
[Writer進捗] 5,200,000 件書き込み完了（チャンクサイズ: 100,000 件）
[Reader進捗] 5,300,000 件読み込み完了
[Writer進捗] 5,300,000 件書き込み完了（チャンクサイズ: 100,000 件）
[Reader進捗] 5,400,000 件読み込み完了
[Writer進捗] 5,400,000 件書き込み完了（チャンクサイズ: 100,000 件）
[Reader進捗] 5,500,000 件読み込み完了
[Writer進捗] 5,500,000 件書き込み完了（チャンクサイズ: 100,000 件）
[Reader進捗] 5,600,000 件読み込み完了
[Writer進捗] 5,600,000 件書き込み完了（チャンクサイズ: 100,000 件）
[Reader進捗] 5,700,000 件読み込み完了
[Writer進捗] 5,700,000 件書き込み完了（チャンクサイズ: 100,000 件）
[Reader進捗] 5,800,000 件読み込み完了
[Writer進捗] 5,800,000 件書き込み完了（チャンクサイズ: 100,000 件）
[Reader進捗] 5,900,000 件読み込み完了
[Writer進捗] 5,900,000 件書き込み完了（チャンクサイズ: 100,000 件）
[Reader進捗] 6,000,000 件読み込み完了
[Writer進捗] 6,000,000 件書き込み完了（チャンクサイズ: 100,000 件）
[Reader進捗] 6,100,000 件読み込み完了
[Writer進捗] 6,100,000 件書き込み完了（チャンクサイズ: 100,000 件）
[Reader進捗] 6,200,000 件読み込み完了
[Writer進捗] 6,200,000 件書き込み完了（チャンクサイズ: 100,000 件）
[Reader進捗] 6,300,000 件読み込み完了
[Writer進捗] 6,300,000 件書き込み完了（チャンクサイズ: 100,000 件）
[Reader進捗] 6,400,000 件読み込み完了
[Writer進捗] 6,400,000 件書き込み完了（チャンクサイズ: 100,000 件）
[Reader進捗] 6,500,000 件読み込み完了
[Writer進捗] 6,500,000 件書き込み完了（チャンクサイズ: 100,000 件）
[Reader進捗] 6,600,000 件読み込み完了
[Writer進捗] 6,600,000 件書き込み完了（チャンクサイズ: 100,000 件）
[Reader進捗] 6,700,000 件読み込み完了
[Writer進捗] 6,700,000 件書き込み完了（チャンクサイズ: 100,000 件）
[Reader進捗] 6,800,000 件読み込み完了
[Writer進捗] 6,800,000 件書き込み完了（チャンクサイズ: 100,000 件）
[Reader進捗] 6,900,000 件読み込み完了
[Writer進捗] 6,900,000 件書き込み完了（チャンクサイズ: 100,000 件）
[Reader進捗] 7,000,000 件読み込み完了
[Writer進捗] 7,000,000 件書き込み完了（チャンクサイズ: 100,000 件）
[Reader進捗] 7,100,000 件読み込み完了
[Writer進捗] 7,100,000 件書き込み完了（チャンクサイズ: 100,000 件）
[Reader進捗] 7,200,000 件読み込み完了
[Writer進捗] 7,200,000 件書き込み完了（チャンクサイズ: 100,000 件）
[Reader進捗] 7,300,000 件読み込み完了
[Writer進捗] 7,300,000 件書き込み完了（チャンクサイズ: 100,000 件）
[Reader進捗] 7,400,000 件読み込み完了
[Writer進捗] 7,400,000 件書き込み完了（チャンクサイズ: 100,000 件）
[Reader進捗] 7,500,000 件読み込み完了
[Writer進捗] 7,500,000 件書き込み完了（チャンクサイズ: 100,000 件）
[Reader進捗] 7,600,000 件読み込み完了
[Writer進捗] 7,600,000 件書き込み完了（チャンクサイズ: 100,000 件）
[Reader進捗] 7,700,000 件読み込み完了
[Writer進捗] 7,700,000 件書き込み完了（チャンクサイズ: 100,000 件）
[Reader進捗] 7,800,000 件読み込み完了
[Writer進捗] 7,800,000 件書き込み完了（チャンクサイズ: 100,000 件）
[Reader進捗] 7,900,000 件読み込み完了
[Writer進捗] 7,900,000 件書き込み完了（チャンクサイズ: 100,000 件）
[Reader進捗] 8,000,000 件読み込み完了
[Writer進捗] 8,000,000 件書き込み完了（チャンクサイズ: 100,000 件）
[Reader進捗] 8,100,000 件読み込み完了
[Writer進捗] 8,100,000 件書き込み完了（チャンクサイズ: 100,000 件）
[Reader進捗] 8,200,000 件読み込み完了
[Writer進捗] 8,200,000 件書き込み完了（チャンクサイズ: 100,000 件）
[Reader進捗] 8,300,000 件読み込み完了
[Writer進捗] 8,300,000 件書き込み完了（チャンクサイズ: 100,000 件）
[Reader進捗] 8,400,000 件読み込み完了
[Writer進捗] 8,400,000 件書き込み完了（チャンクサイズ: 100,000 件）
[Reader進捗] 8,500,000 件読み込み完了
[Writer進捗] 8,500,000 件書き込み完了（チャンクサイズ: 100,000 件）
[Reader進捗] 8,600,000 件読み込み完了
[Writer進捗] 8,600,000 件書き込み完了（チャンクサイズ: 100,000 件）
[Reader進捗] 8,700,000 件読み込み完了
[Writer進捗] 8,700,000 件書き込み完了（チャンクサイズ: 100,000 件）
[Reader進捗] 8,800,000 件読み込み完了
[Writer進捗] 8,800,000 件書き込み完了（チャンクサイズ: 100,000 件）
[Reader進捗] 8,900,000 件読み込み完了
[Writer進捗] 8,900,000 件書き込み完了（チャンクサイズ: 100,000 件）
[Reader進捗] 9,000,000 件読み込み完了
[Writer進捗] 9,000,000 件書き込み完了（チャンクサイズ: 100,000 件）
[Reader進捗] 9,100,000 件読み込み完了
[Writer進捗] 9,100,000 件書き込み完了（チャンクサイズ: 100,000 件）
[Reader進捗] 9,200,000 件読み込み完了
[Writer進捗] 9,200,000 件書き込み完了（チャンクサイズ: 100,000 件）
[Reader進捗] 9,300,000 件読み込み完了
[Writer進捗] 9,300,000 件書き込み完了（チャンクサイズ: 100,000 件）
[Reader進捗] 9,400,000 件読み込み完了
[Writer進捗] 9,400,000 件書き込み完了（チャンクサイズ: 100,000 件）
[Reader進捗] 9,500,000 件読み込み完了
[Writer進捗] 9,500,000 件書き込み完了（チャンクサイズ: 100,000 件）
[Reader進捗] 9,600,000 件読み込み完了
[Writer進捗] 9,600,000 件書き込み完了（チャンクサイズ: 100,000 件）
[Reader進捗] 9,700,000 件読み込み完了
[Writer進捗] 9,700,000 件書き込み完了（チャンクサイズ: 100,000 件）
[Reader進捗] 9,800,000 件読み込み完了
[Writer進捗] 9,800,000 件書き込み完了（チャンクサイズ: 100,000 件）
[Reader進捗] 9,900,000 件読み込み完了
[Writer進捗] 9,900,000 件書き込み完了（チャンクサイズ: 100,000 件）
[Reader進捗] 10,000,000 件読み込み完了
[Writer進捗] 10,000,000 件書き込み完了（チャンクサイズ: 100,000 件）
2026-04-04 12:45:18 - Step: [ChunkPerformanceStep] executed in 48s515ms

========================================
Job終了: ChunkPerformanceJob
終了時刻: Sat Apr 04 12:45:18 JST 2026
実行時間: 48518 ms (48.518 秒)
ステータス: COMPLETED
========================================

2026-04-04 12:45:18 - Job: [SimpleJob: [name=ChunkPerformanceJob]] completed with the following parameters: [{'time':'{value=1775274270370, type=class java.lang.Long, identifying=true}'}] and the following status: [COMPLETED] in 48s519ms

╔════════════════════════════════════════════════════════╗
║   パフォーマンス比較完了                               ║
║   上記のログから実行時間を比較してください             ║
╚════════════════════════════════════════════════════════╝

]]></system-out>
  </testcase>
</testsuite>